2025-05-23 17:03:01,442 INFO o.a.j.u.JMeterUtils: Setting Locale to en_EN
2025-05-23 17:03:01,454 INFO o.a.j.JMeter: Loading user properties from: /Users/huseyinakcan/Downloads/apache-jmeter-5.6.3/bin/user.properties
2025-05-23 17:03:01,454 INFO o.a.j.JMeter: Loading system properties from: /Users/huseyinakcan/Downloads/apache-jmeter-5.6.3/bin/system.properties
2025-05-23 17:03:01,457 INFO o.a.j.JMeter: Copyright (c) 1998-2024 The Apache Software Foundation
2025-05-23 17:03:01,457 INFO o.a.j.JMeter: Version 5.6.3
2025-05-23 17:03:01,457 INFO o.a.j.JMeter: java.version=22.0.1
2025-05-23 17:03:01,457 INFO o.a.j.JMeter: java.vm.name=Java HotSpot(TM) 64-Bit Server VM
2025-05-23 17:03:01,457 INFO o.a.j.JMeter: os.name=Mac OS X
2025-05-23 17:03:01,457 INFO o.a.j.JMeter: os.arch=aarch64
2025-05-23 17:03:01,457 INFO o.a.j.JMeter: os.version=15.2
2025-05-23 17:03:01,457 INFO o.a.j.JMeter: file.encoding=UTF-8
2025-05-23 17:03:01,457 INFO o.a.j.JMeter: java.awt.headless=true
2025-05-23 17:03:01,457 INFO o.a.j.JMeter: Max memory     =1073741824
2025-05-23 17:03:01,457 INFO o.a.j.JMeter: Available Processors =8
2025-05-23 17:03:01,463 INFO o.a.j.JMeter: Default Locale=English (EN)
2025-05-23 17:03:01,463 INFO o.a.j.JMeter: JMeter  Locale=English (EN)
2025-05-23 17:03:01,463 INFO o.a.j.JMeter: JMeterHome=/Users/huseyinakcan/Downloads/apache-jmeter-5.6.3
2025-05-23 17:03:01,463 INFO o.a.j.JMeter: user.dir  =/Users/huseyinakcan/Desktop/PerformanceTestPlansDir/jenkinsExecutionFiles
2025-05-23 17:03:01,463 INFO o.a.j.JMeter: PWD       =/Users/huseyinakcan/Desktop/PerformanceTestPlansDir/jenkinsExecutionFiles
2025-05-23 17:03:01,465 INFO o.a.j.JMeter: IP: 127.0.0.1 Name: machine.local FullName: localhost
2025-05-23 17:03:01,472 INFO o.a.j.s.FileServer: Default base='/Users/huseyinakcan/Desktop/PerformanceTestPlansDir/jenkinsExecutionFiles'
2025-05-23 17:03:01,473 INFO o.a.j.s.FileServer: Set new base='/Users/huseyinakcan/Desktop/PerformanceTestPlansDir/jenkinsExecutionFiles'
2025-05-23 17:03:01,555 INFO o.a.j.s.SaveService: Testplan (JMX) version: 2.2. Testlog (JTL) version: 2.2
2025-05-23 17:03:01,577 INFO o.a.j.s.SaveService: Using SaveService properties version 5.0
2025-05-23 17:03:01,578 INFO o.a.j.s.SaveService: Using SaveService properties file encoding UTF-8
2025-05-23 17:03:01,580 INFO o.a.j.s.SaveService: Loading file: /Users/huseyinakcan/Desktop/PerformanceTestPlansDir/jenkinsExecutionFiles/jenkinsIntegrationTest.jmx
2025-05-23 17:03:01,611 INFO o.a.j.p.h.s.HTTPSamplerBase: Parser for text/html is org.apache.jmeter.protocol.http.parser.LagartoBasedHtmlParser
2025-05-23 17:03:01,611 INFO o.a.j.p.h.s.HTTPSamplerBase: Parser for application/xhtml+xml is org.apache.jmeter.protocol.http.parser.LagartoBasedHtmlParser
2025-05-23 17:03:01,611 INFO o.a.j.p.h.s.HTTPSamplerBase: Parser for application/xml is org.apache.jmeter.protocol.http.parser.LagartoBasedHtmlParser
2025-05-23 17:03:01,611 INFO o.a.j.p.h.s.HTTPSamplerBase: Parser for text/xml is org.apache.jmeter.protocol.http.parser.LagartoBasedHtmlParser
2025-05-23 17:03:01,611 INFO o.a.j.p.h.s.HTTPSamplerBase: Parser for text/vnd.wap.wml is org.apache.jmeter.protocol.http.parser.RegexpHTMLParser
2025-05-23 17:03:01,611 INFO o.a.j.p.h.s.HTTPSamplerBase: Parser for text/css is org.apache.jmeter.protocol.http.parser.CssParser
2025-05-23 17:03:01,624 INFO o.a.j.JMeter: Creating summariser <summary>
2025-05-23 17:03:01,630 INFO o.a.j.e.StandardJMeterEngine: Running the test!
2025-05-23 17:03:01,630 INFO o.a.j.s.SampleEvent: List of sample_variables: []
2025-05-23 17:03:01,630 INFO o.a.j.s.SampleEvent: List of sample_variables: []
2025-05-23 17:03:01,633 INFO o.a.j.e.u.CompoundVariable: Note: Function class names must contain the string: '.functions.'
2025-05-23 17:03:01,633 INFO o.a.j.e.u.CompoundVariable: Note: Function class names must not contain the string: '.gui.'
2025-05-23 17:03:01,666 INFO o.a.j.JMeter: Running test (1748008981666)
2025-05-23 17:03:01,677 INFO o.a.j.e.StandardJMeterEngine: Starting ThreadGroup: 1 : First test
2025-05-23 17:03:01,677 INFO o.a.j.e.StandardJMeterEngine: Starting 1 threads for group First test.
2025-05-23 17:03:01,677 INFO o.a.j.e.StandardJMeterEngine: Thread will continue on error
2025-05-23 17:03:01,677 INFO o.a.j.t.ThreadGroup: Starting thread group... number=1 threads=1 ramp-up=1 delayedStart=false
2025-05-23 17:03:01,679 INFO o.a.j.t.ThreadGroup: Started thread group number 1
2025-05-23 17:03:01,679 INFO o.a.j.e.StandardJMeterEngine: All thread groups have been started
2025-05-23 17:03:01,680 INFO o.a.j.t.JMeterThread: Thread started: First test 1-1
2025-05-23 17:03:01,689 INFO o.a.j.p.h.s.HTTPHCAbstractImpl: Local host = machine.local
2025-05-23 17:03:01,691 INFO o.a.j.p.h.s.HTTPHC4Impl: HTTP request retry count = 0
2025-05-23 17:03:01,692 INFO o.a.j.s.SampleResult: Note: Sample TimeStamps are START times
2025-05-23 17:03:01,692 INFO o.a.j.s.SampleResult: sampleresult.default.encoding is set to UTF-8
2025-05-23 17:03:01,692 INFO o.a.j.s.SampleResult: sampleresult.useNanoTime=true
2025-05-23 17:03:01,692 INFO o.a.j.s.SampleResult: sampleresult.nanoThreadSleep=5000
2025-05-23 17:03:01,754 INFO o.a.j.p.h.s.h.LazyLayeredConnectionSocketFactory: Setting up HTTPS TrustAll Socket Factory
2025-05-23 17:03:01,758 INFO o.a.j.u.JsseSSLManager: Using default SSL protocol: TLS
2025-05-23 17:03:01,758 INFO o.a.j.u.JsseSSLManager: SSL session context: per-thread
2025-05-23 17:03:01,803 INFO o.a.j.u.SSLManager: JmeterKeyStore Location:  type JKS
2025-05-23 17:03:01,805 INFO o.a.j.u.SSLManager: KeyStore created OK
2025-05-23 17:03:01,805 WARN o.a.j.u.SSLManager: Keystore file not found, loading empty keystore
2025-05-23 17:03:02,173 INFO o.a.j.r.Summariser: summary +      1 in 00:00:01 =    2.0/s Avg:   451 Min:   451 Max:   451 Err:     0 (0.00%) Active: 1 Started: 1 Finished: 0
2025-05-23 17:03:02,173 INFO o.a.j.t.JMeterThread: Thread is done: First test 1-1
2025-05-23 17:03:02,174 INFO o.a.j.t.JMeterThread: Thread finished: First test 1-1
2025-05-23 17:03:02,178 INFO o.a.j.e.StandardJMeterEngine: Notifying test listeners of end of test
2025-05-23 17:03:02,179 INFO o.a.j.r.Summariser: summary =      1 in 00:00:01 =    2.0/s Avg:   451 Min:   451 Max:   451 Err:     0 (0.00%)
